<?xml version="1.0" encoding="UTF-8"?>
<!-- Generated by org.testng.reporters.JUnitReportReporter -->
<testsuite hostname="DESKTOP-9TT09F0" failures="0" tests="2" name="TestCases.TC_01_SigIn" time="8.201" errors="0" timestamp="2022-03-14T16:36:09 IST" skipped="0">
  <testcase classname="TestCases.TC_01_SigIn" name="loadHomePage" time="7.116"/>
  <system-out/>
  <testcase classname="TestCases.TC_01_SigIn" name="onSignInPage" time="1.085"/>
  <system-out/>
</testsuite> <!-- TestCases.TC_01_SigIn -->
