<?xml version="1.0" encoding="UTF-8"?>
<!-- Generated by org.testng.reporters.JUnitReportReporter -->
<testsuite hostname="DESKTOP-9TT09F0" failures="0" tests="1" name="TestCases.TC_02_FacebookTest" time="10.452" errors="0" timestamp="2022-03-14T18:05:44 IST" skipped="0">
  <testcase classname="TestCases.TC_02_FacebookTest" name="goToFacebook" time="10.452"/>
  <system-out/>
</testsuite> <!-- TestCases.TC_02_FacebookTest -->
