<?xml version="1.0" encoding="UTF-8"?>
<!-- Generated by org.testng.reporters.JUnitReportReporter -->
<testsuite hostname="DESKTOP-9TT09F0" failures="0" tests="2" name="TestCases.TC_01_SigIn" time="46.849" errors="0" timestamp="2022-03-10T19:58:23 IST" skipped="0">
  <testcase classname="TestCases.TC_01_SigIn" name="loadHomePage" time="21.283"/>
  <system-out/>
  <testcase classname="TestCases.TC_01_SigIn" name="onSignInPage" time="25.566"/>
  <system-out/>
</testsuite> <!-- TestCases.TC_01_SigIn -->
