<?xml version="1.0" encoding="UTF-8"?>
<!-- Generated by org.testng.reporters.JUnitReportReporter -->
<testsuite hostname="DESKTOP-9TT09F0" failures="0" tests="1" name="Base.TestBase" time="16.365" errors="0" timestamp="2022-03-10T12:52:04 IST" skipped="0">
  <testcase classname="Base.TestBase" name="initlisation" time="16.365"/>
  <system-out/>
</testsuite> <!-- Base.TestBase -->
